<?xml version="1.0" encoding="UTF-8"?>
<!-- Generated by org.testng.reporters.JUnitXMLReporter -->
<testsuite ignored="0" hostname="DESKTOP-GKD2DOT" failures="0" tests="12" name="Default test" time="0.376" errors="0" timestamp="2024-09-24T18:15:16 EEST">
  <testcase classname="YarnTenantPortal.AutomationTestCases.tenantPortalAuthenticationAndPagesNavigation" name="@BeforeTest testOpenTenantPortal" time="0.248">
    <failure type="org.openqa.selenium.InvalidArgumentException" message="invalid argument
  (Session info: chrome=128.0.6613.138)
Build info: version: &amp;apos;4.24.0&amp;apos;, revision: &amp;apos;748ffc9bc3&amp;apos;
System info: os.name: &amp;apos;Windows 10&amp;apos;, os.arch: &amp;apos;amd64&amp;apos;, os.version: &amp;apos;10.0&amp;apos;, java.version: &amp;apos;22.0.1&amp;apos;
Driver info: org.openqa.selenium.chrome.ChromeDriver
Command: [8936cb97d3bddf4ce19efa650ead1c66, get {url=baseUrl}]
Capabilities {acceptInsecureCerts: false, browserName: chrome, browserVersion: 128.0.6613.138, chrome: {chromedriverVersion: 128.0.6613.137 (fe621c5aa2d..., userDataDir: C:\Users\eng_m\AppData\Loca...}, fedcm:accounts: true, goog:chromeOptions: {debuggerAddress: localhost:57103}, networkConnectionEnabled: false, pageLoadStrategy: normal, platformName: windows, proxy: Proxy(), se:cdp: ws://localhost:57103/devtoo..., se:cdpVersion: 128.0.6613.138, setWindowRect: true, strictFileInteractability: false, timeouts: {implicit: 0, pageLoad: 300000, script: 30000}, unhandledPromptBehavior: dismiss and notify, webauthn:extension:credBlob: true, webauthn:extension:largeBlob: true, webauthn:extension:minPinLength: true, webauthn:extension:prf: true, webauthn:virtualAuthenticators: true}
Session ID: 8936cb97d3bddf4ce19efa650ead1c66">
      <![CDATA[org.openqa.selenium.InvalidArgumentException: invalid argument
  (Session info: chrome=128.0.6613.138)
Build info: version: '4.24.0', revision: '748ffc9bc3'
System info: os.name: 'Windows 10', os.arch: 'amd64', os.version: '10.0', java.version: '22.0.1'
Driver info: org.openqa.selenium.chrome.ChromeDriver
Command: [8936cb97d3bddf4ce19efa650ead1c66, get {url=baseUrl}]
Capabilities {acceptInsecureCerts: false, browserName: chrome, browserVersion: 128.0.6613.138, chrome: {chromedriverVersion: 128.0.6613.137 (fe621c5aa2d..., userDataDir: C:\Users\eng_m\AppData\Loca...}, fedcm:accounts: true, goog:chromeOptions: {debuggerAddress: localhost:57103}, networkConnectionEnabled: false, pageLoadStrategy: normal, platformName: windows, proxy: Proxy(), se:cdp: ws://localhost:57103/devtoo..., se:cdpVersion: 128.0.6613.138, setWindowRect: true, strictFileInteractability: false, timeouts: {implicit: 0, pageLoad: 300000, script: 30000}, unhandledPromptBehavior: dismiss and notify, webauthn:extension:credBlob: true, webauthn:extension:largeBlob: true, webauthn:extension:minPinLength: true, webauthn:extension:prf: true, webauthn:virtualAuthenticators: true}
Session ID: 8936cb97d3bddf4ce19efa650ead1c66
at java.base/jdk.internal.reflect.DirectConstructorHandleAccessor.newInstance(DirectConstructorHandleAccessor.java:62)
at java.base/java.lang.reflect.Constructor.newInstanceWithCaller(Constructor.java:502)
at java.base/java.lang.reflect.Constructor.newInstance(Constructor.java:486)
at org.openqa.selenium.remote.ErrorCodec.decode(ErrorCodec.java:167)
at org.openqa.selenium.remote.codec.w3c.W3CHttpResponseCodec.decode(W3CHttpResponseCodec.java:138)
at org.openqa.selenium.remote.codec.w3c.W3CHttpResponseCodec.decode(W3CHttpResponseCodec.java:50)
at org.openqa.selenium.remote.HttpCommandExecutor.execute(HttpCommandExecutor.java:190)
at org.openqa.selenium.remote.service.DriverCommandExecutor.invokeExecute(DriverCommandExecutor.java:216)
at org.openqa.selenium.remote.service.DriverCommandExecutor.execute(DriverCommandExecutor.java:174)
at org.openqa.selenium.remote.RemoteWebDriver.execute(RemoteWebDriver.java:545)
at org.openqa.selenium.remote.RemoteWebDriver.get(RemoteWebDriver.java:313)
at org.openqa.selenium.remote.RemoteWebDriver$RemoteNavigation.to(RemoteWebDriver.java:1090)
at YarnTenantPortal.AutomationTestCases.tenantPortalAuthenticationAndPagesNavigation.testOpenTenantPortal(tenantPortalAuthenticationAndPagesNavigation.java:58)
at java.base/jdk.internal.reflect.DirectMethodHandleAccessor.invoke(DirectMethodHandleAccessor.java:103)
at java.base/java.lang.reflect.Method.invoke(Method.java:580)
at org.testng.internal.invokers.MethodInvocationHelper.invokeMethod(MethodInvocationHelper.java:141)
at org.testng.internal.invokers.MethodInvocationHelper.invokeMethodConsideringTimeout(MethodInvocationHelper.java:71)
at org.testng.internal.invokers.ConfigInvoker.invokeConfigurationMethod(ConfigInvoker.java:400)
at org.testng.internal.invokers.ConfigInvoker.invokeConfigurations(ConfigInvoker.java:333)
at org.testng.TestRunner.invokeTestConfigurations(TestRunner.java:655)
at org.testng.TestRunner.beforeRun(TestRunner.java:644)
at org.testng.TestRunner.run(TestRunner.java:610)
at org.testng.SuiteRunner.runTest(SuiteRunner.java:421)
at org.testng.SuiteRunner.runSequentially(SuiteRunner.java:413)
at org.testng.SuiteRunner.privateRun(SuiteRunner.java:373)
at org.testng.SuiteRunner.run(SuiteRunner.java:312)
at org.testng.SuiteRunnerWorker.runSuite(SuiteRunnerWorker.java:52)
at org.testng.SuiteRunnerWorker.run(SuiteRunnerWorker.java:95)
at org.testng.TestNG.runSuitesSequentially(TestNG.java:1274)
at org.testng.TestNG.runSuitesLocally(TestNG.java:1208)
at org.testng.TestNG.runSuites(TestNG.java:1112)
at org.testng.TestNG.run(TestNG.java:1079)
at org.testng.remote.AbstractRemoteTestNG.run(AbstractRemoteTestNG.java:115)
at org.testng.remote.RemoteTestNG.initAndRun(RemoteTestNG.java:293)
at org.testng.remote.RemoteTestNG.main(RemoteTestNG.java:91)
]]>
    </failure>
  </testcase> <!-- @BeforeTest testOpenTenantPortal -->
  <testcase classname="YarnTenantPortal.AutomationTestCases.tenantPortalAuthenticationAndPagesNavigation" name="testOpenTenantPortal" time="0.0">
    <skipped/>
  </testcase> <!-- testOpenTenantPortal -->
  <testcase classname="YarnTenantPortal.AutomationTestCases.tenantPortalAuthenticationAndPagesNavigation" name="enterCorrectCredentials" time="0.0">
    <skipped/>
  </testcase> <!-- enterCorrectCredentials -->
  <testcase classname="YarnTenantPortal.AutomationTestCases.tenantPortalAuthenticationAndPagesNavigation" name="checkServicesPageOpen" time="0.0">
    <skipped/>
  </testcase> <!-- checkServicesPageOpen -->
  <testcase classname="YarnTenantPortal.AutomationTestCases.tenantPortalAuthenticationAndPagesNavigation" name="checkMyRequestsPageOpen" time="0.001">
    <skipped/>
  </testcase> <!-- checkMyRequestsPageOpen -->
  <testcase classname="YarnTenantPortal.AutomationTestCases.tenantPortalAuthenticationAndPagesNavigation" name="checkMyInvoicesPageOpen" time="0.001">
    <skipped/>
  </testcase> <!-- checkMyInvoicesPageOpen -->
  <testcase classname="YarnTenantPortal.AutomationTestCases.tenantPortalAuthenticationAndPagesNavigation" name="checkMyVisitorsPageOpen" time="0.0">
    <skipped/>
  </testcase> <!-- checkMyVisitorsPageOpen -->
  <testcase classname="YarnTenantPortal.AutomationTestCases.tenantPortalAuthenticationAndPagesNavigation" name="checkMyViolationsPageOpen" time="0.0">
    <skipped/>
  </testcase> <!-- checkMyViolationsPageOpen -->
  <testcase classname="YarnTenantPortal.AutomationTestCases.tenantPortalAuthenticationAndPagesNavigation" name="checkMyDocumentsPageOpen" time="0.0">
    <skipped/>
  </testcase> <!-- checkMyDocumentsPageOpen -->
  <testcase classname="YarnTenantPortal.AutomationTestCases.tenantPortalAuthenticationAndPagesNavigation" name="checkMyDependentsPageOpen" time="0.0">
    <skipped/>
  </testcase> <!-- checkMyDependentsPageOpen -->
  <testcase classname="YarnTenantPortal.AutomationTestCases.tenantPortalAuthenticationAndPagesNavigation" name="checkMyPetsPageOpen" time="0.0">
    <skipped/>
  </testcase> <!-- checkMyPetsPageOpen -->
  <testcase classname="YarnTenantPortal.AutomationTestCases.tenantPortalAuthenticationAndPagesNavigation" name="checkMyVehiclesPageOpen" time="0.0">
    <skipped/>
  </testcase> <!-- checkMyVehiclesPageOpen -->
  <testcase classname="YarnTenantPortal.AutomationTestCases.tenantPortalAuthenticationAndPagesNavigation" name="checkContactUsPage" time="0.001">
    <skipped/>
  </testcase> <!-- checkContactUsPage -->
</testsuite> <!-- Default test -->
