<?xml version="1.0" encoding="UTF-8"?>
<!-- Generated by org.testng.reporters.JUnitXMLReporter -->
<testsuite ignored="0" hostname="DESKTOP-GKD2DOT" failures="0" tests="17" name="Test" time="14.879" errors="0" timestamp="2024-08-20T08:49:39 EEST">
  <testcase classname="YarnTenantPortal.AutomationTestCases.loginPage" name="@BeforeTest testOpenTenantPortal" time="0.415">
    <failure type="org.openqa.selenium.NoSuchWindowException" message="no such window: target window already closed
from unknown error: web view not found
  (Session info: chrome=127.0.6533.120)
Build info: version: &amp;apos;4.23.0&amp;apos;, revision: &amp;apos;4df0a231af&amp;apos;
System info: os.name: &amp;apos;Windows 10&amp;apos;, os.arch: &amp;apos;amd64&amp;apos;, os.version: &amp;apos;10.0&amp;apos;, java.version: &amp;apos;22.0.1&amp;apos;
Driver info: org.openqa.selenium.chrome.ChromeDriver
Command: [7c052a443f77b64411e894ff4be4da7d, maximizeCurrentWindow {}]
Capabilities {acceptInsecureCerts: false, browserName: chrome, browserVersion: 127.0.6533.120, chrome: {chromedriverVersion: 127.0.6533.119 (bdef6783a05..., userDataDir: C:\Users\eng_m\AppData\Loca...}, fedcm:accounts: true, goog:chromeOptions: {debuggerAddress: localhost:52104}, networkConnectionEnabled: false, pageLoadStrategy: normal, platformName: windows, proxy: Proxy(), se:cdp: ws://localhost:52104/devtoo..., se:cdpVersion: 127.0.6533.120, setWindowRect: true, strictFileInteractability: false, timeouts: {implicit: 0, pageLoad: 300000, script: 30000}, unhandledPromptBehavior: dismiss and notify, webauthn:extension:credBlob: true, webauthn:extension:largeBlob: true, webauthn:extension:minPinLength: true, webauthn:extension:prf: true, webauthn:virtualAuthenticators: true}
Session ID: 7c052a443f77b64411e894ff4be4da7d">
      <![CDATA[org.openqa.selenium.NoSuchWindowException: no such window: target window already closed
from unknown error: web view not found
  (Session info: chrome=127.0.6533.120)
Build info: version: '4.23.0', revision: '4df0a231af'
System info: os.name: 'Windows 10', os.arch: 'amd64', os.version: '10.0', java.version: '22.0.1'
Driver info: org.openqa.selenium.chrome.ChromeDriver
Command: [7c052a443f77b64411e894ff4be4da7d, maximizeCurrentWindow {}]
Capabilities {acceptInsecureCerts: false, browserName: chrome, browserVersion: 127.0.6533.120, chrome: {chromedriverVersion: 127.0.6533.119 (bdef6783a05..., userDataDir: C:\Users\eng_m\AppData\Loca...}, fedcm:accounts: true, goog:chromeOptions: {debuggerAddress: localhost:52104}, networkConnectionEnabled: false, pageLoadStrategy: normal, platformName: windows, proxy: Proxy(), se:cdp: ws://localhost:52104/devtoo..., se:cdpVersion: 127.0.6533.120, setWindowRect: true, strictFileInteractability: false, timeouts: {implicit: 0, pageLoad: 300000, script: 30000}, unhandledPromptBehavior: dismiss and notify, webauthn:extension:credBlob: true, webauthn:extension:largeBlob: true, webauthn:extension:minPinLength: true, webauthn:extension:prf: true, webauthn:virtualAuthenticators: true}
Session ID: 7c052a443f77b64411e894ff4be4da7d
at org.openqa.selenium.remote.ErrorCodec.decode(ErrorCodec.java:167)
at org.openqa.selenium.remote.codec.w3c.W3CHttpResponseCodec.decode(W3CHttpResponseCodec.java:138)
at org.openqa.selenium.remote.codec.w3c.W3CHttpResponseCodec.decode(W3CHttpResponseCodec.java:50)
at org.openqa.selenium.remote.HttpCommandExecutor.execute(HttpCommandExecutor.java:190)
at org.openqa.selenium.remote.service.DriverCommandExecutor.invokeExecute(DriverCommandExecutor.java:216)
at org.openqa.selenium.remote.service.DriverCommandExecutor.execute(DriverCommandExecutor.java:174)
at org.openqa.selenium.remote.RemoteWebDriver.execute(RemoteWebDriver.java:527)
at org.openqa.selenium.remote.RemoteWebDriver.execute(RemoteWebDriver.java:600)
at org.openqa.selenium.remote.RemoteWebDriver.execute(RemoteWebDriver.java:604)
at org.openqa.selenium.remote.RemoteWebDriver$RemoteWebDriverOptions$RemoteWindow.maximize(RemoteWebDriver.java:1043)
at YarnTenantPortal.AutomationTestCases.loginPage.testOpenTenantPortal(loginPage.java:30)
... Removed 25 stack frames]]>
    </failure>
  </testcase> <!-- @BeforeTest testOpenTenantPortal -->
  <testcase classname="YarnTenantPortal.AutomationTestCases.loginPage" name="enterCorrectCredentials" time="0.001">
    <skipped/>
  </testcase> <!-- enterCorrectCredentials -->
  <testcase classname="YarnTenantPortal.AutomationTestCases.loginPage" name="enterEmailWithLongCharacters" time="0.0">
    <skipped/>
  </testcase> <!-- enterEmailWithLongCharacters -->
  <testcase classname="YarnTenantPortal.AutomationTestCases.loginPage" name="enterEmailWithSpecialCharacters" time="0.0">
    <skipped/>
  </testcase> <!-- enterEmailWithSpecialCharacters -->
  <testcase classname="YarnTenantPortal.AutomationTestCases.loginPage" name="enterEmptyEmail" time="0.0">
    <skipped/>
  </testcase> <!-- enterEmptyEmail -->
  <testcase classname="YarnTenantPortal.AutomationTestCases.loginPage" name="enterEmptyPassword" time="0.0">
    <skipped/>
  </testcase> <!-- enterEmptyPassword -->
  <testcase classname="YarnTenantPortal.AutomationTestCases.loginPage" name="enterPasswordWithLongCharacters" time="0.0">
    <skipped/>
  </testcase> <!-- enterPasswordWithLongCharacters -->
  <testcase classname="YarnTenantPortal.AutomationTestCases.loginPage" name="enterPasswordWithSpecialCharacters" time="0.001">
    <skipped/>
  </testcase> <!-- enterPasswordWithSpecialCharacters -->
  <testcase classname="YarnTenantPortal.AutomationTestCases.loginPage" name="enterWrongEmail" time="0.0">
    <skipped/>
  </testcase> <!-- enterWrongEmail -->
  <testcase classname="YarnTenantPortal.AutomationTestCases.loginPage" name="enterWrongPassword" time="0.0">
    <skipped/>
  </testcase> <!-- enterWrongPassword -->
  <testcase classname="YarnTenantPortal.AutomationTestCases.loginPage" name="testOpenTenantPortal" time="0.0">
    <skipped/>
  </testcase> <!-- testOpenTenantPortal -->
  <testcase classname="YarnTenantPortal.AutomationTestCases.forgotPassword" name="testOpenTenantPortal" time="0.0">
    <skipped/>
  </testcase> <!-- testOpenTenantPortal -->
  <testcase classname="YarnTenantPortal.AutomationTestCases.forgotPassword" name="testRedirectToFogrotPasswordPage" time="0.0">
    <skipped/>
  </testcase> <!-- testRedirectToFogrotPasswordPage -->
  <testcase classname="YarnTenantPortal.AutomationTestCases.forgotPassword" name="testEnterCorrectEmail" time="0.0">
    <skipped/>
  </testcase> <!-- testEnterCorrectEmail -->
  <testcase classname="YarnTenantPortal.AutomationTestCases.forgotPassword" name="testEnterNonExistentEmail" time="0.0">
    <skipped/>
  </testcase> <!-- testEnterNonExistentEmail -->
  <testcase classname="YarnTenantPortal.AutomationTestCases.forgotPassword" name="testEnterEmptyEmail" time="0.0">
    <skipped/>
  </testcase> <!-- testEnterEmptyEmail -->
  <testcase classname="YarnTenantPortal.AutomationTestCases.forgotPassword" name="testEnterInvalidEmailFormat" time="0.001">
    <skipped/>
  </testcase> <!-- testEnterInvalidEmailFormat -->
  <testcase classname="YarnTenantPortal.AutomationTestCases.AppTest" name="shouldAnswerWithTrue" time="0.0">
    <skipped/>
  </testcase> <!-- shouldAnswerWithTrue -->
</testsuite> <!-- Test -->
