<?xml version="1.0" encoding="UTF-8"?>
<testng-results ignored="0" total="12" passed="0" failed="0" skipped="12">
  <reporter-output>
  </reporter-output>
  <suite started-at="2024-09-24T18:15:15 EEST" name="Default suite" finished-at="2024-09-24T18:15:16 EEST" duration-ms="376">
    <groups>
    </groups>
    <test started-at="2024-09-24T18:15:15 EEST" name="Default test" finished-at="2024-09-24T18:15:16 EEST" duration-ms="376">
      <class name="YarnTenantPortal.AutomationTestCases.tenantPortalAuthenticationAndPagesNavigation">
        <test-method is-config="true" signature="testOpenTenantPortal()[pri:0, instance:YarnTenantPortal.AutomationTestCases.tenantPortalAuthenticationAndPagesNavigation@5a7005d]" started-at="2024-09-24T18:15:15 EEST" name="testOpenTenantPortal" finished-at="2024-09-24T18:15:16 EEST" duration-ms="248" status="FAIL">
          <exception class="org.openqa.selenium.InvalidArgumentException">
            <message>
              <![CDATA[invalid argument
  (Session info: chrome=128.0.6613.138)
Build info: version: '4.24.0', revision: '748ffc9bc3'
System info: os.name: 'Windows 10', os.arch: 'amd64', os.version: '10.0', java.version: '22.0.1'
Driver info: org.openqa.selenium.chrome.ChromeDriver
Command: [8936cb97d3bddf4ce19efa650ead1c66, get {url=baseUrl}]
Capabilities {acceptInsecureCerts: false, browserName: chrome, browserVersion: 128.0.6613.138, chrome: {chromedriverVersion: 128.0.6613.137 (fe621c5aa2d..., userDataDir: C:\Users\eng_m\AppData\Loca...}, fedcm:accounts: true, goog:chromeOptions: {debuggerAddress: localhost:57103}, networkConnectionEnabled: false, pageLoadStrategy: normal, platformName: windows, proxy: Proxy(), se:cdp: ws://localhost:57103/devtoo..., se:cdpVersion: 128.0.6613.138, setWindowRect: true, strictFileInteractability: false, timeouts: {implicit: 0, pageLoad: 300000, script: 30000}, unhandledPromptBehavior: dismiss and notify, webauthn:extension:credBlob: true, webauthn:extension:largeBlob: true, webauthn:extension:minPinLength: true, webauthn:extension:prf: true, webauthn:virtualAuthenticators: true}
Session ID: 8936cb97d3bddf4ce19efa650ead1c66]]>
            </message>
            <full-stacktrace>
              <![CDATA[org.openqa.selenium.InvalidArgumentException: invalid argument
  (Session info: chrome=128.0.6613.138)
Build info: version: '4.24.0', revision: '748ffc9bc3'
System info: os.name: 'Windows 10', os.arch: 'amd64', os.version: '10.0', java.version: '22.0.1'
Driver info: org.openqa.selenium.chrome.ChromeDriver
Command: [8936cb97d3bddf4ce19efa650ead1c66, get {url=baseUrl}]
Capabilities {acceptInsecureCerts: false, browserName: chrome, browserVersion: 128.0.6613.138, chrome: {chromedriverVersion: 128.0.6613.137 (fe621c5aa2d..., userDataDir: C:\Users\eng_m\AppData\Loca...}, fedcm:accounts: true, goog:chromeOptions: {debuggerAddress: localhost:57103}, networkConnectionEnabled: false, pageLoadStrategy: normal, platformName: windows, proxy: Proxy(), se:cdp: ws://localhost:57103/devtoo..., se:cdpVersion: 128.0.6613.138, setWindowRect: true, strictFileInteractability: false, timeouts: {implicit: 0, pageLoad: 300000, script: 30000}, unhandledPromptBehavior: dismiss and notify, webauthn:extension:credBlob: true, webauthn:extension:largeBlob: true, webauthn:extension:minPinLength: true, webauthn:extension:prf: true, webauthn:virtualAuthenticators: true}
Session ID: 8936cb97d3bddf4ce19efa650ead1c66
at java.base/jdk.internal.reflect.DirectConstructorHandleAccessor.newInstance(DirectConstructorHandleAccessor.java:62)
at java.base/java.lang.reflect.Constructor.newInstanceWithCaller(Constructor.java:502)
at java.base/java.lang.reflect.Constructor.newInstance(Constructor.java:486)
at org.openqa.selenium.remote.ErrorCodec.decode(ErrorCodec.java:167)
at org.openqa.selenium.remote.codec.w3c.W3CHttpResponseCodec.decode(W3CHttpResponseCodec.java:138)
at org.openqa.selenium.remote.codec.w3c.W3CHttpResponseCodec.decode(W3CHttpResponseCodec.java:50)
at org.openqa.selenium.remote.HttpCommandExecutor.execute(HttpCommandExecutor.java:190)
at org.openqa.selenium.remote.service.DriverCommandExecutor.invokeExecute(DriverCommandExecutor.java:216)
at org.openqa.selenium.remote.service.DriverCommandExecutor.execute(DriverCommandExecutor.java:174)
at org.openqa.selenium.remote.RemoteWebDriver.execute(RemoteWebDriver.java:545)
at org.openqa.selenium.remote.RemoteWebDriver.get(RemoteWebDriver.java:313)
at org.openqa.selenium.remote.RemoteWebDriver$RemoteNavigation.to(RemoteWebDriver.java:1090)
at YarnTenantPortal.AutomationTestCases.tenantPortalAuthenticationAndPagesNavigation.testOpenTenantPortal(tenantPortalAuthenticationAndPagesNavigation.java:58)
at java.base/jdk.internal.reflect.DirectMethodHandleAccessor.invoke(DirectMethodHandleAccessor.java:103)
at java.base/java.lang.reflect.Method.invoke(Method.java:580)
at org.testng.internal.invokers.MethodInvocationHelper.invokeMethod(MethodInvocationHelper.java:141)
at org.testng.internal.invokers.MethodInvocationHelper.invokeMethodConsideringTimeout(MethodInvocationHelper.java:71)
at org.testng.internal.invokers.ConfigInvoker.invokeConfigurationMethod(ConfigInvoker.java:400)
at org.testng.internal.invokers.ConfigInvoker.invokeConfigurations(ConfigInvoker.java:333)
at org.testng.TestRunner.invokeTestConfigurations(TestRunner.java:655)
at org.testng.TestRunner.beforeRun(TestRunner.java:644)
at org.testng.TestRunner.run(TestRunner.java:610)
at org.testng.SuiteRunner.runTest(SuiteRunner.java:421)
at org.testng.SuiteRunner.runSequentially(SuiteRunner.java:413)
at org.testng.SuiteRunner.privateRun(SuiteRunner.java:373)
at org.testng.SuiteRunner.run(SuiteRunner.java:312)
at org.testng.SuiteRunnerWorker.runSuite(SuiteRunnerWorker.java:52)
at org.testng.SuiteRunnerWorker.run(SuiteRunnerWorker.java:95)
at org.testng.TestNG.runSuitesSequentially(TestNG.java:1274)
at org.testng.TestNG.runSuitesLocally(TestNG.java:1208)
at org.testng.TestNG.runSuites(TestNG.java:1112)
at org.testng.TestNG.run(TestNG.java:1079)
at org.testng.remote.AbstractRemoteTestNG.run(AbstractRemoteTestNG.java:115)
at org.testng.remote.RemoteTestNG.initAndRun(RemoteTestNG.java:293)
at org.testng.remote.RemoteTestNG.main(RemoteTestNG.java:91)
]]>
            </full-stacktrace>
          </exception> <!-- org.openqa.selenium.InvalidArgumentException -->
          <reporter-output>
          </reporter-output>
        </test-method> <!-- testOpenTenantPortal -->
        <test-method signature="testOpenTenantPortal()[pri:0, instance:YarnTenantPortal.AutomationTestCases.tenantPortalAuthenticationAndPagesNavigation@5a7005d]" started-at="2024-09-24T18:15:16 EEST" name="testOpenTenantPortal" finished-at="2024-09-24T18:15:16 EEST" duration-ms="0" status="SKIP">
          <exception class="org.openqa.selenium.InvalidArgumentException">
            <message>
              <![CDATA[invalid argument
  (Session info: chrome=128.0.6613.138)
Build info: version: '4.24.0', revision: '748ffc9bc3'
System info: os.name: 'Windows 10', os.arch: 'amd64', os.version: '10.0', java.version: '22.0.1'
Driver info: org.openqa.selenium.chrome.ChromeDriver
Command: [8936cb97d3bddf4ce19efa650ead1c66, get {url=baseUrl}]
Capabilities {acceptInsecureCerts: false, browserName: chrome, browserVersion: 128.0.6613.138, chrome: {chromedriverVersion: 128.0.6613.137 (fe621c5aa2d..., userDataDir: C:\Users\eng_m\AppData\Loca...}, fedcm:accounts: true, goog:chromeOptions: {debuggerAddress: localhost:57103}, networkConnectionEnabled: false, pageLoadStrategy: normal, platformName: windows, proxy: Proxy(), se:cdp: ws://localhost:57103/devtoo..., se:cdpVersion: 128.0.6613.138, setWindowRect: true, strictFileInteractability: false, timeouts: {implicit: 0, pageLoad: 300000, script: 30000}, unhandledPromptBehavior: dismiss and notify, webauthn:extension:credBlob: true, webauthn:extension:largeBlob: true, webauthn:extension:minPinLength: true, webauthn:extension:prf: true, webauthn:virtualAuthenticators: true}
Session ID: 8936cb97d3bddf4ce19efa650ead1c66]]>
            </message>
            <full-stacktrace>
              <![CDATA[org.openqa.selenium.InvalidArgumentException: invalid argument
  (Session info: chrome=128.0.6613.138)
Build info: version: '4.24.0', revision: '748ffc9bc3'
System info: os.name: 'Windows 10', os.arch: 'amd64', os.version: '10.0', java.version: '22.0.1'
Driver info: org.openqa.selenium.chrome.ChromeDriver
Command: [8936cb97d3bddf4ce19efa650ead1c66, get {url=baseUrl}]
Capabilities {acceptInsecureCerts: false, browserName: chrome, browserVersion: 128.0.6613.138, chrome: {chromedriverVersion: 128.0.6613.137 (fe621c5aa2d..., userDataDir: C:\Users\eng_m\AppData\Loca...}, fedcm:accounts: true, goog:chromeOptions: {debuggerAddress: localhost:57103}, networkConnectionEnabled: false, pageLoadStrategy: normal, platformName: windows, proxy: Proxy(), se:cdp: ws://localhost:57103/devtoo..., se:cdpVersion: 128.0.6613.138, setWindowRect: true, strictFileInteractability: false, timeouts: {implicit: 0, pageLoad: 300000, script: 30000}, unhandledPromptBehavior: dismiss and notify, webauthn:extension:credBlob: true, webauthn:extension:largeBlob: true, webauthn:extension:minPinLength: true, webauthn:extension:prf: true, webauthn:virtualAuthenticators: true}
Session ID: 8936cb97d3bddf4ce19efa650ead1c66
at java.base/jdk.internal.reflect.DirectConstructorHandleAccessor.newInstance(DirectConstructorHandleAccessor.java:62)
at java.base/java.lang.reflect.Constructor.newInstanceWithCaller(Constructor.java:502)
at java.base/java.lang.reflect.Constructor.newInstance(Constructor.java:486)
at org.openqa.selenium.remote.ErrorCodec.decode(ErrorCodec.java:167)
at org.openqa.selenium.remote.codec.w3c.W3CHttpResponseCodec.decode(W3CHttpResponseCodec.java:138)
at org.openqa.selenium.remote.codec.w3c.W3CHttpResponseCodec.decode(W3CHttpResponseCodec.java:50)
at org.openqa.selenium.remote.HttpCommandExecutor.execute(HttpCommandExecutor.java:190)
at org.openqa.selenium.remote.service.DriverCommandExecutor.invokeExecute(DriverCommandExecutor.java:216)
at org.openqa.selenium.remote.service.DriverCommandExecutor.execute(DriverCommandExecutor.java:174)
at org.openqa.selenium.remote.RemoteWebDriver.execute(RemoteWebDriver.java:545)
at org.openqa.selenium.remote.RemoteWebDriver.get(RemoteWebDriver.java:313)
at org.openqa.selenium.remote.RemoteWebDriver$RemoteNavigation.to(RemoteWebDriver.java:1090)
at YarnTenantPortal.AutomationTestCases.tenantPortalAuthenticationAndPagesNavigation.testOpenTenantPortal(tenantPortalAuthenticationAndPagesNavigation.java:58)
at java.base/jdk.internal.reflect.DirectMethodHandleAccessor.invoke(DirectMethodHandleAccessor.java:103)
at java.base/java.lang.reflect.Method.invoke(Method.java:580)
at org.testng.internal.invokers.MethodInvocationHelper.invokeMethod(MethodInvocationHelper.java:141)
at org.testng.internal.invokers.MethodInvocationHelper.invokeMethodConsideringTimeout(MethodInvocationHelper.java:71)
at org.testng.internal.invokers.ConfigInvoker.invokeConfigurationMethod(ConfigInvoker.java:400)
at org.testng.internal.invokers.ConfigInvoker.invokeConfigurations(ConfigInvoker.java:333)
at org.testng.TestRunner.invokeTestConfigurations(TestRunner.java:655)
at org.testng.TestRunner.beforeRun(TestRunner.java:644)
at org.testng.TestRunner.run(TestRunner.java:610)
at org.testng.SuiteRunner.runTest(SuiteRunner.java:421)
at org.testng.SuiteRunner.runSequentially(SuiteRunner.java:413)
at org.testng.SuiteRunner.privateRun(SuiteRunner.java:373)
at org.testng.SuiteRunner.run(SuiteRunner.java:312)
at org.testng.SuiteRunnerWorker.runSuite(SuiteRunnerWorker.java:52)
at org.testng.SuiteRunnerWorker.run(SuiteRunnerWorker.java:95)
at org.testng.TestNG.runSuitesSequentially(TestNG.java:1274)
at org.testng.TestNG.runSuitesLocally(TestNG.java:1208)
at org.testng.TestNG.runSuites(TestNG.java:1112)
at org.testng.TestNG.run(TestNG.java:1079)
at org.testng.remote.AbstractRemoteTestNG.run(AbstractRemoteTestNG.java:115)
at org.testng.remote.RemoteTestNG.initAndRun(RemoteTestNG.java:293)
at org.testng.remote.RemoteTestNG.main(RemoteTestNG.java:91)
]]>
            </full-stacktrace>
          </exception> <!-- org.openqa.selenium.InvalidArgumentException -->
          <reporter-output>
          </reporter-output>
        </test-method> <!-- testOpenTenantPortal -->
        <test-method signature="enterCorrectCredentials()[pri:0, instance:YarnTenantPortal.AutomationTestCases.tenantPortalAuthenticationAndPagesNavigation@5a7005d]" started-at="2024-09-24T18:15:16 EEST" name="enterCorrectCredentials" finished-at="2024-09-24T18:15:16 EEST" depends-on-methods="YarnTenantPortal.AutomationTestCases.tenantPortalAuthenticationAndPagesNavigation.testOpenTenantPortal" duration-ms="0" status="SKIP">
          <exception class="java.lang.Throwable">
            <message>
              <![CDATA[Method YarnTenantPortal.AutomationTestCases.tenantPortalAuthenticationAndPagesNavigation.enterCorrectCredentials() on instance YarnTenantPortal.AutomationTestCases.tenantPortalAuthenticationAndPagesNavigation@5a7005d depends on not successfully finished methods 
[YarnTenantPortal.AutomationTestCases.tenantPortalAuthenticationAndPagesNavigation.testOpenTenantPortal() on instance YarnTenantPortal.AutomationTestCases.tenantPortalAuthenticationAndPagesNavigation@5a7005d]]]>
            </message>
            <full-stacktrace>
              <![CDATA[java.lang.Throwable: Method YarnTenantPortal.AutomationTestCases.tenantPortalAuthenticationAndPagesNavigation.enterCorrectCredentials() on instance YarnTenantPortal.AutomationTestCases.tenantPortalAuthenticationAndPagesNavigation@5a7005d depends on not successfully finished methods 
[YarnTenantPortal.AutomationTestCases.tenantPortalAuthenticationAndPagesNavigation.testOpenTenantPortal() on instance YarnTenantPortal.AutomationTestCases.tenantPortalAuthenticationAndPagesNavigation@5a7005d]
at org.testng.internal.invokers.TestInvoker.invokeTestMethods(TestInvoker.java:159)
at org.testng.internal.invokers.TestMethodWorker.invokeTestMethods(TestMethodWorker.java:154)
at org.testng.internal.invokers.TestMethodWorker.run(TestMethodWorker.java:134)
at java.base/java.util.ArrayList.forEach(ArrayList.java:1597)
at org.testng.TestRunner.privateRun(TestRunner.java:739)
at org.testng.TestRunner.run(TestRunner.java:614)
at org.testng.SuiteRunner.runTest(SuiteRunner.java:421)
at org.testng.SuiteRunner.runSequentially(SuiteRunner.java:413)
at org.testng.SuiteRunner.privateRun(SuiteRunner.java:373)
at org.testng.SuiteRunner.run(SuiteRunner.java:312)
at org.testng.SuiteRunnerWorker.runSuite(SuiteRunnerWorker.java:52)
at org.testng.SuiteRunnerWorker.run(SuiteRunnerWorker.java:95)
at org.testng.TestNG.runSuitesSequentially(TestNG.java:1274)
at org.testng.TestNG.runSuitesLocally(TestNG.java:1208)
at org.testng.TestNG.runSuites(TestNG.java:1112)
at org.testng.TestNG.run(TestNG.java:1079)
at org.testng.remote.AbstractRemoteTestNG.run(AbstractRemoteTestNG.java:115)
at org.testng.remote.RemoteTestNG.initAndRun(RemoteTestNG.java:293)
at org.testng.remote.RemoteTestNG.main(RemoteTestNG.java:91)
]]>
            </full-stacktrace>
          </exception> <!-- java.lang.Throwable -->
          <reporter-output>
          </reporter-output>
        </test-method> <!-- enterCorrectCredentials -->
        <test-method signature="checkServicesPageOpen()[pri:0, instance:YarnTenantPortal.AutomationTestCases.tenantPortalAuthenticationAndPagesNavigation@5a7005d]" started-at="2024-09-24T18:15:16 EEST" name="checkServicesPageOpen" finished-at="2024-09-24T18:15:16 EEST" depends-on-methods="YarnTenantPortal.AutomationTestCases.tenantPortalAuthenticationAndPagesNavigation.enterCorrectCredentials" duration-ms="0" status="SKIP">
          <exception class="java.lang.Throwable">
            <message>
              <![CDATA[Method YarnTenantPortal.AutomationTestCases.tenantPortalAuthenticationAndPagesNavigation.checkServicesPageOpen() on instance YarnTenantPortal.AutomationTestCases.tenantPortalAuthenticationAndPagesNavigation@5a7005d depends on not successfully finished methods 
[YarnTenantPortal.AutomationTestCases.tenantPortalAuthenticationAndPagesNavigation.enterCorrectCredentials() on instance YarnTenantPortal.AutomationTestCases.tenantPortalAuthenticationAndPagesNavigation@5a7005d]]]>
            </message>
            <full-stacktrace>
              <![CDATA[java.lang.Throwable: Method YarnTenantPortal.AutomationTestCases.tenantPortalAuthenticationAndPagesNavigation.checkServicesPageOpen() on instance YarnTenantPortal.AutomationTestCases.tenantPortalAuthenticationAndPagesNavigation@5a7005d depends on not successfully finished methods 
[YarnTenantPortal.AutomationTestCases.tenantPortalAuthenticationAndPagesNavigation.enterCorrectCredentials() on instance YarnTenantPortal.AutomationTestCases.tenantPortalAuthenticationAndPagesNavigation@5a7005d]
at org.testng.internal.invokers.TestInvoker.invokeTestMethods(TestInvoker.java:159)
at org.testng.internal.invokers.TestMethodWorker.invokeTestMethods(TestMethodWorker.java:154)
at org.testng.internal.invokers.TestMethodWorker.run(TestMethodWorker.java:134)
at java.base/java.util.ArrayList.forEach(ArrayList.java:1597)
at org.testng.TestRunner.privateRun(TestRunner.java:739)
at org.testng.TestRunner.run(TestRunner.java:614)
at org.testng.SuiteRunner.runTest(SuiteRunner.java:421)
at org.testng.SuiteRunner.runSequentially(SuiteRunner.java:413)
at org.testng.SuiteRunner.privateRun(SuiteRunner.java:373)
at org.testng.SuiteRunner.run(SuiteRunner.java:312)
at org.testng.SuiteRunnerWorker.runSuite(SuiteRunnerWorker.java:52)
at org.testng.SuiteRunnerWorker.run(SuiteRunnerWorker.java:95)
at org.testng.TestNG.runSuitesSequentially(TestNG.java:1274)
at org.testng.TestNG.runSuitesLocally(TestNG.java:1208)
at org.testng.TestNG.runSuites(TestNG.java:1112)
at org.testng.TestNG.run(TestNG.java:1079)
at org.testng.remote.AbstractRemoteTestNG.run(AbstractRemoteTestNG.java:115)
at org.testng.remote.RemoteTestNG.initAndRun(RemoteTestNG.java:293)
at org.testng.remote.RemoteTestNG.main(RemoteTestNG.java:91)
]]>
            </full-stacktrace>
          </exception> <!-- java.lang.Throwable -->
          <reporter-output>
          </reporter-output>
        </test-method> <!-- checkServicesPageOpen -->
        <test-method signature="checkMyRequestsPageOpen()[pri:0, instance:YarnTenantPortal.AutomationTestCases.tenantPortalAuthenticationAndPagesNavigation@5a7005d]" started-at="2024-09-24T18:15:16 EEST" name="checkMyRequestsPageOpen" finished-at="2024-09-24T18:15:16 EEST" depends-on-methods="YarnTenantPortal.AutomationTestCases.tenantPortalAuthenticationAndPagesNavigation.checkServicesPageOpen" duration-ms="1" status="SKIP">
          <exception class="java.lang.Throwable">
            <message>
              <![CDATA[Method YarnTenantPortal.AutomationTestCases.tenantPortalAuthenticationAndPagesNavigation.checkMyRequestsPageOpen() on instance YarnTenantPortal.AutomationTestCases.tenantPortalAuthenticationAndPagesNavigation@5a7005d depends on not successfully finished methods 
[YarnTenantPortal.AutomationTestCases.tenantPortalAuthenticationAndPagesNavigation.checkServicesPageOpen() on instance YarnTenantPortal.AutomationTestCases.tenantPortalAuthenticationAndPagesNavigation@5a7005d]]]>
            </message>
            <full-stacktrace>
              <![CDATA[java.lang.Throwable: Method YarnTenantPortal.AutomationTestCases.tenantPortalAuthenticationAndPagesNavigation.checkMyRequestsPageOpen() on instance YarnTenantPortal.AutomationTestCases.tenantPortalAuthenticationAndPagesNavigation@5a7005d depends on not successfully finished methods 
[YarnTenantPortal.AutomationTestCases.tenantPortalAuthenticationAndPagesNavigation.checkServicesPageOpen() on instance YarnTenantPortal.AutomationTestCases.tenantPortalAuthenticationAndPagesNavigation@5a7005d]
at org.testng.internal.invokers.TestInvoker.invokeTestMethods(TestInvoker.java:159)
at org.testng.internal.invokers.TestMethodWorker.invokeTestMethods(TestMethodWorker.java:154)
at org.testng.internal.invokers.TestMethodWorker.run(TestMethodWorker.java:134)
at java.base/java.util.ArrayList.forEach(ArrayList.java:1597)
at org.testng.TestRunner.privateRun(TestRunner.java:739)
at org.testng.TestRunner.run(TestRunner.java:614)
at org.testng.SuiteRunner.runTest(SuiteRunner.java:421)
at org.testng.SuiteRunner.runSequentially(SuiteRunner.java:413)
at org.testng.SuiteRunner.privateRun(SuiteRunner.java:373)
at org.testng.SuiteRunner.run(SuiteRunner.java:312)
at org.testng.SuiteRunnerWorker.runSuite(SuiteRunnerWorker.java:52)
at org.testng.SuiteRunnerWorker.run(SuiteRunnerWorker.java:95)
at org.testng.TestNG.runSuitesSequentially(TestNG.java:1274)
at org.testng.TestNG.runSuitesLocally(TestNG.java:1208)
at org.testng.TestNG.runSuites(TestNG.java:1112)
at org.testng.TestNG.run(TestNG.java:1079)
at org.testng.remote.AbstractRemoteTestNG.run(AbstractRemoteTestNG.java:115)
at org.testng.remote.RemoteTestNG.initAndRun(RemoteTestNG.java:293)
at org.testng.remote.RemoteTestNG.main(RemoteTestNG.java:91)
]]>
            </full-stacktrace>
          </exception> <!-- java.lang.Throwable -->
          <reporter-output>
          </reporter-output>
        </test-method> <!-- checkMyRequestsPageOpen -->
        <test-method signature="checkMyInvoicesPageOpen()[pri:0, instance:YarnTenantPortal.AutomationTestCases.tenantPortalAuthenticationAndPagesNavigation@5a7005d]" started-at="2024-09-24T18:15:16 EEST" name="checkMyInvoicesPageOpen" finished-at="2024-09-24T18:15:16 EEST" depends-on-methods="YarnTenantPortal.AutomationTestCases.tenantPortalAuthenticationAndPagesNavigation.checkMyRequestsPageOpen" duration-ms="1" status="SKIP">
          <exception class="java.lang.Throwable">
            <message>
              <![CDATA[Method YarnTenantPortal.AutomationTestCases.tenantPortalAuthenticationAndPagesNavigation.checkMyInvoicesPageOpen() on instance YarnTenantPortal.AutomationTestCases.tenantPortalAuthenticationAndPagesNavigation@5a7005d depends on not successfully finished methods 
[YarnTenantPortal.AutomationTestCases.tenantPortalAuthenticationAndPagesNavigation.checkMyRequestsPageOpen() on instance YarnTenantPortal.AutomationTestCases.tenantPortalAuthenticationAndPagesNavigation@5a7005d]]]>
            </message>
            <full-stacktrace>
              <![CDATA[java.lang.Throwable: Method YarnTenantPortal.AutomationTestCases.tenantPortalAuthenticationAndPagesNavigation.checkMyInvoicesPageOpen() on instance YarnTenantPortal.AutomationTestCases.tenantPortalAuthenticationAndPagesNavigation@5a7005d depends on not successfully finished methods 
[YarnTenantPortal.AutomationTestCases.tenantPortalAuthenticationAndPagesNavigation.checkMyRequestsPageOpen() on instance YarnTenantPortal.AutomationTestCases.tenantPortalAuthenticationAndPagesNavigation@5a7005d]
at org.testng.internal.invokers.TestInvoker.invokeTestMethods(TestInvoker.java:159)
at org.testng.internal.invokers.TestMethodWorker.invokeTestMethods(TestMethodWorker.java:154)
at org.testng.internal.invokers.TestMethodWorker.run(TestMethodWorker.java:134)
at java.base/java.util.ArrayList.forEach(ArrayList.java:1597)
at org.testng.TestRunner.privateRun(TestRunner.java:739)
at org.testng.TestRunner.run(TestRunner.java:614)
at org.testng.SuiteRunner.runTest(SuiteRunner.java:421)
at org.testng.SuiteRunner.runSequentially(SuiteRunner.java:413)
at org.testng.SuiteRunner.privateRun(SuiteRunner.java:373)
at org.testng.SuiteRunner.run(SuiteRunner.java:312)
at org.testng.SuiteRunnerWorker.runSuite(SuiteRunnerWorker.java:52)
at org.testng.SuiteRunnerWorker.run(SuiteRunnerWorker.java:95)
at org.testng.TestNG.runSuitesSequentially(TestNG.java:1274)
at org.testng.TestNG.runSuitesLocally(TestNG.java:1208)
at org.testng.TestNG.runSuites(TestNG.java:1112)
at org.testng.TestNG.run(TestNG.java:1079)
at org.testng.remote.AbstractRemoteTestNG.run(AbstractRemoteTestNG.java:115)
at org.testng.remote.RemoteTestNG.initAndRun(RemoteTestNG.java:293)
at org.testng.remote.RemoteTestNG.main(RemoteTestNG.java:91)
]]>
            </full-stacktrace>
          </exception> <!-- java.lang.Throwable -->
          <reporter-output>
          </reporter-output>
        </test-method> <!-- checkMyInvoicesPageOpen -->
        <test-method signature="checkMyVisitorsPageOpen()[pri:0, instance:YarnTenantPortal.AutomationTestCases.tenantPortalAuthenticationAndPagesNavigation@5a7005d]" started-at="2024-09-24T18:15:16 EEST" name="checkMyVisitorsPageOpen" finished-at="2024-09-24T18:15:16 EEST" depends-on-methods="YarnTenantPortal.AutomationTestCases.tenantPortalAuthenticationAndPagesNavigation.checkMyInvoicesPageOpen" duration-ms="0" status="SKIP">
          <exception class="java.lang.Throwable">
            <message>
              <![CDATA[Method YarnTenantPortal.AutomationTestCases.tenantPortalAuthenticationAndPagesNavigation.checkMyVisitorsPageOpen() on instance YarnTenantPortal.AutomationTestCases.tenantPortalAuthenticationAndPagesNavigation@5a7005d depends on not successfully finished methods 
[YarnTenantPortal.AutomationTestCases.tenantPortalAuthenticationAndPagesNavigation.checkMyInvoicesPageOpen() on instance YarnTenantPortal.AutomationTestCases.tenantPortalAuthenticationAndPagesNavigation@5a7005d]]]>
            </message>
            <full-stacktrace>
              <![CDATA[java.lang.Throwable: Method YarnTenantPortal.AutomationTestCases.tenantPortalAuthenticationAndPagesNavigation.checkMyVisitorsPageOpen() on instance YarnTenantPortal.AutomationTestCases.tenantPortalAuthenticationAndPagesNavigation@5a7005d depends on not successfully finished methods 
[YarnTenantPortal.AutomationTestCases.tenantPortalAuthenticationAndPagesNavigation.checkMyInvoicesPageOpen() on instance YarnTenantPortal.AutomationTestCases.tenantPortalAuthenticationAndPagesNavigation@5a7005d]
at org.testng.internal.invokers.TestInvoker.invokeTestMethods(TestInvoker.java:159)
at org.testng.internal.invokers.TestMethodWorker.invokeTestMethods(TestMethodWorker.java:154)
at org.testng.internal.invokers.TestMethodWorker.run(TestMethodWorker.java:134)
at java.base/java.util.ArrayList.forEach(ArrayList.java:1597)
at org.testng.TestRunner.privateRun(TestRunner.java:739)
at org.testng.TestRunner.run(TestRunner.java:614)
at org.testng.SuiteRunner.runTest(SuiteRunner.java:421)
at org.testng.SuiteRunner.runSequentially(SuiteRunner.java:413)
at org.testng.SuiteRunner.privateRun(SuiteRunner.java:373)
at org.testng.SuiteRunner.run(SuiteRunner.java:312)
at org.testng.SuiteRunnerWorker.runSuite(SuiteRunnerWorker.java:52)
at org.testng.SuiteRunnerWorker.run(SuiteRunnerWorker.java:95)
at org.testng.TestNG.runSuitesSequentially(TestNG.java:1274)
at org.testng.TestNG.runSuitesLocally(TestNG.java:1208)
at org.testng.TestNG.runSuites(TestNG.java:1112)
at org.testng.TestNG.run(TestNG.java:1079)
at org.testng.remote.AbstractRemoteTestNG.run(AbstractRemoteTestNG.java:115)
at org.testng.remote.RemoteTestNG.initAndRun(RemoteTestNG.java:293)
at org.testng.remote.RemoteTestNG.main(RemoteTestNG.java:91)
]]>
            </full-stacktrace>
          </exception> <!-- java.lang.Throwable -->
          <reporter-output>
          </reporter-output>
        </test-method> <!-- checkMyVisitorsPageOpen -->
        <test-method signature="checkMyViolationsPageOpen()[pri:0, instance:YarnTenantPortal.AutomationTestCases.tenantPortalAuthenticationAndPagesNavigation@5a7005d]" started-at="2024-09-24T18:15:16 EEST" name="checkMyViolationsPageOpen" finished-at="2024-09-24T18:15:16 EEST" depends-on-methods="YarnTenantPortal.AutomationTestCases.tenantPortalAuthenticationAndPagesNavigation.checkMyVisitorsPageOpen" duration-ms="0" status="SKIP">
          <exception class="java.lang.Throwable">
            <message>
              <![CDATA[Method YarnTenantPortal.AutomationTestCases.tenantPortalAuthenticationAndPagesNavigation.checkMyViolationsPageOpen() on instance YarnTenantPortal.AutomationTestCases.tenantPortalAuthenticationAndPagesNavigation@5a7005d depends on not successfully finished methods 
[YarnTenantPortal.AutomationTestCases.tenantPortalAuthenticationAndPagesNavigation.checkMyVisitorsPageOpen() on instance YarnTenantPortal.AutomationTestCases.tenantPortalAuthenticationAndPagesNavigation@5a7005d]]]>
            </message>
            <full-stacktrace>
              <![CDATA[java.lang.Throwable: Method YarnTenantPortal.AutomationTestCases.tenantPortalAuthenticationAndPagesNavigation.checkMyViolationsPageOpen() on instance YarnTenantPortal.AutomationTestCases.tenantPortalAuthenticationAndPagesNavigation@5a7005d depends on not successfully finished methods 
[YarnTenantPortal.AutomationTestCases.tenantPortalAuthenticationAndPagesNavigation.checkMyVisitorsPageOpen() on instance YarnTenantPortal.AutomationTestCases.tenantPortalAuthenticationAndPagesNavigation@5a7005d]
at org.testng.internal.invokers.TestInvoker.invokeTestMethods(TestInvoker.java:159)
at org.testng.internal.invokers.TestMethodWorker.invokeTestMethods(TestMethodWorker.java:154)
at org.testng.internal.invokers.TestMethodWorker.run(TestMethodWorker.java:134)
at java.base/java.util.ArrayList.forEach(ArrayList.java:1597)
at org.testng.TestRunner.privateRun(TestRunner.java:739)
at org.testng.TestRunner.run(TestRunner.java:614)
at org.testng.SuiteRunner.runTest(SuiteRunner.java:421)
at org.testng.SuiteRunner.runSequentially(SuiteRunner.java:413)
at org.testng.SuiteRunner.privateRun(SuiteRunner.java:373)
at org.testng.SuiteRunner.run(SuiteRunner.java:312)
at org.testng.SuiteRunnerWorker.runSuite(SuiteRunnerWorker.java:52)
at org.testng.SuiteRunnerWorker.run(SuiteRunnerWorker.java:95)
at org.testng.TestNG.runSuitesSequentially(TestNG.java:1274)
at org.testng.TestNG.runSuitesLocally(TestNG.java:1208)
at org.testng.TestNG.runSuites(TestNG.java:1112)
at org.testng.TestNG.run(TestNG.java:1079)
at org.testng.remote.AbstractRemoteTestNG.run(AbstractRemoteTestNG.java:115)
at org.testng.remote.RemoteTestNG.initAndRun(RemoteTestNG.java:293)
at org.testng.remote.RemoteTestNG.main(RemoteTestNG.java:91)
]]>
            </full-stacktrace>
          </exception> <!-- java.lang.Throwable -->
          <reporter-output>
          </reporter-output>
        </test-method> <!-- checkMyViolationsPageOpen -->
        <test-method signature="checkMyDocumentsPageOpen()[pri:0, instance:YarnTenantPortal.AutomationTestCases.tenantPortalAuthenticationAndPagesNavigation@5a7005d]" started-at="2024-09-24T18:15:16 EEST" name="checkMyDocumentsPageOpen" finished-at="2024-09-24T18:15:16 EEST" depends-on-methods="YarnTenantPortal.AutomationTestCases.tenantPortalAuthenticationAndPagesNavigation.checkMyViolationsPageOpen" duration-ms="0" status="SKIP">
          <exception class="java.lang.Throwable">
            <message>
              <![CDATA[Method YarnTenantPortal.AutomationTestCases.tenantPortalAuthenticationAndPagesNavigation.checkMyDocumentsPageOpen() on instance YarnTenantPortal.AutomationTestCases.tenantPortalAuthenticationAndPagesNavigation@5a7005d depends on not successfully finished methods 
[YarnTenantPortal.AutomationTestCases.tenantPortalAuthenticationAndPagesNavigation.checkMyViolationsPageOpen() on instance YarnTenantPortal.AutomationTestCases.tenantPortalAuthenticationAndPagesNavigation@5a7005d]]]>
            </message>
            <full-stacktrace>
              <![CDATA[java.lang.Throwable: Method YarnTenantPortal.AutomationTestCases.tenantPortalAuthenticationAndPagesNavigation.checkMyDocumentsPageOpen() on instance YarnTenantPortal.AutomationTestCases.tenantPortalAuthenticationAndPagesNavigation@5a7005d depends on not successfully finished methods 
[YarnTenantPortal.AutomationTestCases.tenantPortalAuthenticationAndPagesNavigation.checkMyViolationsPageOpen() on instance YarnTenantPortal.AutomationTestCases.tenantPortalAuthenticationAndPagesNavigation@5a7005d]
at org.testng.internal.invokers.TestInvoker.invokeTestMethods(TestInvoker.java:159)
at org.testng.internal.invokers.TestMethodWorker.invokeTestMethods(TestMethodWorker.java:154)
at org.testng.internal.invokers.TestMethodWorker.run(TestMethodWorker.java:134)
at java.base/java.util.ArrayList.forEach(ArrayList.java:1597)
at org.testng.TestRunner.privateRun(TestRunner.java:739)
at org.testng.TestRunner.run(TestRunner.java:614)
at org.testng.SuiteRunner.runTest(SuiteRunner.java:421)
at org.testng.SuiteRunner.runSequentially(SuiteRunner.java:413)
at org.testng.SuiteRunner.privateRun(SuiteRunner.java:373)
at org.testng.SuiteRunner.run(SuiteRunner.java:312)
at org.testng.SuiteRunnerWorker.runSuite(SuiteRunnerWorker.java:52)
at org.testng.SuiteRunnerWorker.run(SuiteRunnerWorker.java:95)
at org.testng.TestNG.runSuitesSequentially(TestNG.java:1274)
at org.testng.TestNG.runSuitesLocally(TestNG.java:1208)
at org.testng.TestNG.runSuites(TestNG.java:1112)
at org.testng.TestNG.run(TestNG.java:1079)
at org.testng.remote.AbstractRemoteTestNG.run(AbstractRemoteTestNG.java:115)
at org.testng.remote.RemoteTestNG.initAndRun(RemoteTestNG.java:293)
at org.testng.remote.RemoteTestNG.main(RemoteTestNG.java:91)
]]>
            </full-stacktrace>
          </exception> <!-- java.lang.Throwable -->
          <reporter-output>
          </reporter-output>
        </test-method> <!-- checkMyDocumentsPageOpen -->
        <test-method signature="checkMyDependentsPageOpen()[pri:0, instance:YarnTenantPortal.AutomationTestCases.tenantPortalAuthenticationAndPagesNavigation@5a7005d]" started-at="2024-09-24T18:15:16 EEST" name="checkMyDependentsPageOpen" finished-at="2024-09-24T18:15:16 EEST" depends-on-methods="YarnTenantPortal.AutomationTestCases.tenantPortalAuthenticationAndPagesNavigation.checkMyDocumentsPageOpen" duration-ms="0" status="SKIP">
          <exception class="java.lang.Throwable">
            <message>
              <![CDATA[Method YarnTenantPortal.AutomationTestCases.tenantPortalAuthenticationAndPagesNavigation.checkMyDependentsPageOpen() on instance YarnTenantPortal.AutomationTestCases.tenantPortalAuthenticationAndPagesNavigation@5a7005d depends on not successfully finished methods 
[YarnTenantPortal.AutomationTestCases.tenantPortalAuthenticationAndPagesNavigation.checkMyDocumentsPageOpen() on instance YarnTenantPortal.AutomationTestCases.tenantPortalAuthenticationAndPagesNavigation@5a7005d]]]>
            </message>
            <full-stacktrace>
              <![CDATA[java.lang.Throwable: Method YarnTenantPortal.AutomationTestCases.tenantPortalAuthenticationAndPagesNavigation.checkMyDependentsPageOpen() on instance YarnTenantPortal.AutomationTestCases.tenantPortalAuthenticationAndPagesNavigation@5a7005d depends on not successfully finished methods 
[YarnTenantPortal.AutomationTestCases.tenantPortalAuthenticationAndPagesNavigation.checkMyDocumentsPageOpen() on instance YarnTenantPortal.AutomationTestCases.tenantPortalAuthenticationAndPagesNavigation@5a7005d]
at org.testng.internal.invokers.TestInvoker.invokeTestMethods(TestInvoker.java:159)
at org.testng.internal.invokers.TestMethodWorker.invokeTestMethods(TestMethodWorker.java:154)
at org.testng.internal.invokers.TestMethodWorker.run(TestMethodWorker.java:134)
at java.base/java.util.ArrayList.forEach(ArrayList.java:1597)
at org.testng.TestRunner.privateRun(TestRunner.java:739)
at org.testng.TestRunner.run(TestRunner.java:614)
at org.testng.SuiteRunner.runTest(SuiteRunner.java:421)
at org.testng.SuiteRunner.runSequentially(SuiteRunner.java:413)
at org.testng.SuiteRunner.privateRun(SuiteRunner.java:373)
at org.testng.SuiteRunner.run(SuiteRunner.java:312)
at org.testng.SuiteRunnerWorker.runSuite(SuiteRunnerWorker.java:52)
at org.testng.SuiteRunnerWorker.run(SuiteRunnerWorker.java:95)
at org.testng.TestNG.runSuitesSequentially(TestNG.java:1274)
at org.testng.TestNG.runSuitesLocally(TestNG.java:1208)
at org.testng.TestNG.runSuites(TestNG.java:1112)
at org.testng.TestNG.run(TestNG.java:1079)
at org.testng.remote.AbstractRemoteTestNG.run(AbstractRemoteTestNG.java:115)
at org.testng.remote.RemoteTestNG.initAndRun(RemoteTestNG.java:293)
at org.testng.remote.RemoteTestNG.main(RemoteTestNG.java:91)
]]>
            </full-stacktrace>
          </exception> <!-- java.lang.Throwable -->
          <reporter-output>
          </reporter-output>
        </test-method> <!-- checkMyDependentsPageOpen -->
        <test-method signature="checkMyPetsPageOpen()[pri:0, instance:YarnTenantPortal.AutomationTestCases.tenantPortalAuthenticationAndPagesNavigation@5a7005d]" started-at="2024-09-24T18:15:16 EEST" name="checkMyPetsPageOpen" finished-at="2024-09-24T18:15:16 EEST" depends-on-methods="YarnTenantPortal.AutomationTestCases.tenantPortalAuthenticationAndPagesNavigation.checkMyDependentsPageOpen" duration-ms="0" status="SKIP">
          <exception class="java.lang.Throwable">
            <message>
              <![CDATA[Method YarnTenantPortal.AutomationTestCases.tenantPortalAuthenticationAndPagesNavigation.checkMyPetsPageOpen() on instance YarnTenantPortal.AutomationTestCases.tenantPortalAuthenticationAndPagesNavigation@5a7005d depends on not successfully finished methods 
[YarnTenantPortal.AutomationTestCases.tenantPortalAuthenticationAndPagesNavigation.checkMyDependentsPageOpen() on instance YarnTenantPortal.AutomationTestCases.tenantPortalAuthenticationAndPagesNavigation@5a7005d]]]>
            </message>
            <full-stacktrace>
              <![CDATA[java.lang.Throwable: Method YarnTenantPortal.AutomationTestCases.tenantPortalAuthenticationAndPagesNavigation.checkMyPetsPageOpen() on instance YarnTenantPortal.AutomationTestCases.tenantPortalAuthenticationAndPagesNavigation@5a7005d depends on not successfully finished methods 
[YarnTenantPortal.AutomationTestCases.tenantPortalAuthenticationAndPagesNavigation.checkMyDependentsPageOpen() on instance YarnTenantPortal.AutomationTestCases.tenantPortalAuthenticationAndPagesNavigation@5a7005d]
at org.testng.internal.invokers.TestInvoker.invokeTestMethods(TestInvoker.java:159)
at org.testng.internal.invokers.TestMethodWorker.invokeTestMethods(TestMethodWorker.java:154)
at org.testng.internal.invokers.TestMethodWorker.run(TestMethodWorker.java:134)
at java.base/java.util.ArrayList.forEach(ArrayList.java:1597)
at org.testng.TestRunner.privateRun(TestRunner.java:739)
at org.testng.TestRunner.run(TestRunner.java:614)
at org.testng.SuiteRunner.runTest(SuiteRunner.java:421)
at org.testng.SuiteRunner.runSequentially(SuiteRunner.java:413)
at org.testng.SuiteRunner.privateRun(SuiteRunner.java:373)
at org.testng.SuiteRunner.run(SuiteRunner.java:312)
at org.testng.SuiteRunnerWorker.runSuite(SuiteRunnerWorker.java:52)
at org.testng.SuiteRunnerWorker.run(SuiteRunnerWorker.java:95)
at org.testng.TestNG.runSuitesSequentially(TestNG.java:1274)
at org.testng.TestNG.runSuitesLocally(TestNG.java:1208)
at org.testng.TestNG.runSuites(TestNG.java:1112)
at org.testng.TestNG.run(TestNG.java:1079)
at org.testng.remote.AbstractRemoteTestNG.run(AbstractRemoteTestNG.java:115)
at org.testng.remote.RemoteTestNG.initAndRun(RemoteTestNG.java:293)
at org.testng.remote.RemoteTestNG.main(RemoteTestNG.java:91)
]]>
            </full-stacktrace>
          </exception> <!-- java.lang.Throwable -->
          <reporter-output>
          </reporter-output>
        </test-method> <!-- checkMyPetsPageOpen -->
        <test-method signature="checkMyVehiclesPageOpen()[pri:0, instance:YarnTenantPortal.AutomationTestCases.tenantPortalAuthenticationAndPagesNavigation@5a7005d]" started-at="2024-09-24T18:15:16 EEST" name="checkMyVehiclesPageOpen" finished-at="2024-09-24T18:15:16 EEST" depends-on-methods="YarnTenantPortal.AutomationTestCases.tenantPortalAuthenticationAndPagesNavigation.checkMyPetsPageOpen" duration-ms="0" status="SKIP">
          <exception class="java.lang.Throwable">
            <message>
              <![CDATA[Method YarnTenantPortal.AutomationTestCases.tenantPortalAuthenticationAndPagesNavigation.checkMyVehiclesPageOpen() on instance YarnTenantPortal.AutomationTestCases.tenantPortalAuthenticationAndPagesNavigation@5a7005d depends on not successfully finished methods 
[YarnTenantPortal.AutomationTestCases.tenantPortalAuthenticationAndPagesNavigation.checkMyPetsPageOpen() on instance YarnTenantPortal.AutomationTestCases.tenantPortalAuthenticationAndPagesNavigation@5a7005d]]]>
            </message>
            <full-stacktrace>
              <![CDATA[java.lang.Throwable: Method YarnTenantPortal.AutomationTestCases.tenantPortalAuthenticationAndPagesNavigation.checkMyVehiclesPageOpen() on instance YarnTenantPortal.AutomationTestCases.tenantPortalAuthenticationAndPagesNavigation@5a7005d depends on not successfully finished methods 
[YarnTenantPortal.AutomationTestCases.tenantPortalAuthenticationAndPagesNavigation.checkMyPetsPageOpen() on instance YarnTenantPortal.AutomationTestCases.tenantPortalAuthenticationAndPagesNavigation@5a7005d]
at org.testng.internal.invokers.TestInvoker.invokeTestMethods(TestInvoker.java:159)
at org.testng.internal.invokers.TestMethodWorker.invokeTestMethods(TestMethodWorker.java:154)
at org.testng.internal.invokers.TestMethodWorker.run(TestMethodWorker.java:134)
at java.base/java.util.ArrayList.forEach(ArrayList.java:1597)
at org.testng.TestRunner.privateRun(TestRunner.java:739)
at org.testng.TestRunner.run(TestRunner.java:614)
at org.testng.SuiteRunner.runTest(SuiteRunner.java:421)
at org.testng.SuiteRunner.runSequentially(SuiteRunner.java:413)
at org.testng.SuiteRunner.privateRun(SuiteRunner.java:373)
at org.testng.SuiteRunner.run(SuiteRunner.java:312)
at org.testng.SuiteRunnerWorker.runSuite(SuiteRunnerWorker.java:52)
at org.testng.SuiteRunnerWorker.run(SuiteRunnerWorker.java:95)
at org.testng.TestNG.runSuitesSequentially(TestNG.java:1274)
at org.testng.TestNG.runSuitesLocally(TestNG.java:1208)
at org.testng.TestNG.runSuites(TestNG.java:1112)
at org.testng.TestNG.run(TestNG.java:1079)
at org.testng.remote.AbstractRemoteTestNG.run(AbstractRemoteTestNG.java:115)
at org.testng.remote.RemoteTestNG.initAndRun(RemoteTestNG.java:293)
at org.testng.remote.RemoteTestNG.main(RemoteTestNG.java:91)
]]>
            </full-stacktrace>
          </exception> <!-- java.lang.Throwable -->
          <reporter-output>
          </reporter-output>
        </test-method> <!-- checkMyVehiclesPageOpen -->
        <test-method signature="checkContactUsPage()[pri:0, instance:YarnTenantPortal.AutomationTestCases.tenantPortalAuthenticationAndPagesNavigation@5a7005d]" started-at="2024-09-24T18:15:16 EEST" name="checkContactUsPage" finished-at="2024-09-24T18:15:16 EEST" depends-on-methods="YarnTenantPortal.AutomationTestCases.tenantPortalAuthenticationAndPagesNavigation.checkMyVehiclesPageOpen" duration-ms="1" status="SKIP">
          <exception class="java.lang.Throwable">
            <message>
              <![CDATA[Method YarnTenantPortal.AutomationTestCases.tenantPortalAuthenticationAndPagesNavigation.checkContactUsPage() on instance YarnTenantPortal.AutomationTestCases.tenantPortalAuthenticationAndPagesNavigation@5a7005d depends on not successfully finished methods 
[YarnTenantPortal.AutomationTestCases.tenantPortalAuthenticationAndPagesNavigation.checkMyVehiclesPageOpen() on instance YarnTenantPortal.AutomationTestCases.tenantPortalAuthenticationAndPagesNavigation@5a7005d]]]>
            </message>
            <full-stacktrace>
              <![CDATA[java.lang.Throwable: Method YarnTenantPortal.AutomationTestCases.tenantPortalAuthenticationAndPagesNavigation.checkContactUsPage() on instance YarnTenantPortal.AutomationTestCases.tenantPortalAuthenticationAndPagesNavigation@5a7005d depends on not successfully finished methods 
[YarnTenantPortal.AutomationTestCases.tenantPortalAuthenticationAndPagesNavigation.checkMyVehiclesPageOpen() on instance YarnTenantPortal.AutomationTestCases.tenantPortalAuthenticationAndPagesNavigation@5a7005d]
at org.testng.internal.invokers.TestInvoker.invokeTestMethods(TestInvoker.java:159)
at org.testng.internal.invokers.TestMethodWorker.invokeTestMethods(TestMethodWorker.java:154)
at org.testng.internal.invokers.TestMethodWorker.run(TestMethodWorker.java:134)
at java.base/java.util.ArrayList.forEach(ArrayList.java:1597)
at org.testng.TestRunner.privateRun(TestRunner.java:739)
at org.testng.TestRunner.run(TestRunner.java:614)
at org.testng.SuiteRunner.runTest(SuiteRunner.java:421)
at org.testng.SuiteRunner.runSequentially(SuiteRunner.java:413)
at org.testng.SuiteRunner.privateRun(SuiteRunner.java:373)
at org.testng.SuiteRunner.run(SuiteRunner.java:312)
at org.testng.SuiteRunnerWorker.runSuite(SuiteRunnerWorker.java:52)
at org.testng.SuiteRunnerWorker.run(SuiteRunnerWorker.java:95)
at org.testng.TestNG.runSuitesSequentially(TestNG.java:1274)
at org.testng.TestNG.runSuitesLocally(TestNG.java:1208)
at org.testng.TestNG.runSuites(TestNG.java:1112)
at org.testng.TestNG.run(TestNG.java:1079)
at org.testng.remote.AbstractRemoteTestNG.run(AbstractRemoteTestNG.java:115)
at org.testng.remote.RemoteTestNG.initAndRun(RemoteTestNG.java:293)
at org.testng.remote.RemoteTestNG.main(RemoteTestNG.java:91)
]]>
            </full-stacktrace>
          </exception> <!-- java.lang.Throwable -->
          <reporter-output>
          </reporter-output>
        </test-method> <!-- checkContactUsPage -->
      </class> <!-- YarnTenantPortal.AutomationTestCases.tenantPortalAuthenticationAndPagesNavigation -->
    </test> <!-- Default test -->
  </suite> <!-- Default suite -->
</testng-results>
